<?xml version="1.0" encoding="UTF-8"?>
<testsuite xmlns:xsi="http://www.w3.org/2001/XMLSchema-instance" xsi:noNamespaceSchemaLocation="https://maven.apache.org/surefire/maven-surefire-plugin/xsd/surefire-test-report-3.0.xsd" version="3.0" name="com.game.Service.SanteTest" time="0.015" tests="6" errors="0" skipped="0" failures="0">
  <properties>
[...]
</properties>
  <testcase name="testCalculerMontant_PremiumCoverage" classname="com.game.Service.SanteTest" time="0.005"/>
  <testcase name="testCalculerMontant_BaseCoverage" classname="com.game.Service.SanteTest" time="0.001"/>
  <testcase name="testCalculerMontant_ComplexScenario" classname="com.game.Service.SanteTest" time="0.002"/>
  <testcase name="testCalculerMontant_OlderThan60" classname="com.game.Service.SanteTest" time="0.0"/>
  <testcase name="testCalculerMontant_PoorHealth" classname="com.game.Service.SanteTest" time="0.001"/>
  <testcase name="testCalculerMontant_DefaultValues" classname="com.game.Service.SanteTest" time="0.0"/>
</testsuite>